<?xml version="1.0" encoding="UTF-8"?>
<!-- Generated by org.testng.reporters.JUnitReportReporter -->
<testsuite hostname="ojt5-PC" name="DriverFactory.AppTest" tests="1" failures="0" timestamp="21 Sep 2019 08:08:41 GMT" time="37.176" errors="0">
  <testcase name="startApp" time="37.176" classname="DriverFactory.AppTest"/>
</testsuite> <!-- DriverFactory.AppTest -->
