<?xml version="1.0" encoding="UTF-8"?>
<!-- Generated by org.testng.reporters.JUnitReportReporter -->
<testsuite hostname="ojt5-PC" name="com.TestNG.DataDrivenTestNG" tests="2" failures="0" timestamp="16 Sep 2019 07:46:27 GMT" time="21.604" errors="0">
  <testcase name="createSuplier" time="9.778" classname="com.TestNG.DataDrivenTestNG"/>
  <testcase name="createSuplier" time="11.826" classname="com.TestNG.DataDrivenTestNG"/>
</testsuite> <!-- com.TestNG.DataDrivenTestNG -->
